 
 -------------- celery@business-93.default-host.net v5.5.3 (immunity)
--- ***** ----- 
-- ******* ---- Linux-4.18.0-553.54.1.lve.el8.x86_64-x86_64-with-glibc2.28 2025-07-24 15:51:11
- *** --- * --- 
- ** ---------- [config]
- ** ---------- .> app:         SteelPlus:0x7f84988919d0
- ** ---------- .> transport:   sqla+mysql://lightpro_mysteel:**@lightpro.mysql.tools:3306/lightpro_mysteel
- ** ---------- .> results:     
- *** --- * --- .> concurrency: 48 (solo)
-- ******* ---- .> task events: OFF (enable -E to monitor tasks in this worker)
--- ***** ----- 
 -------------- [queues]
                .> celery           exchange=celery(direct) key=celery
                

[tasks]
  . core.utils.generate_layer_previews
  . core.utils.generate_preview_background


worker: Warm shutdown (MainProcess)

worker: Warm shutdown (MainProcess)

worker: Warm shutdown (MainProcess)
 
 -------------- celery@business-93.default-host.net v5.5.3 (immunity)
--- ***** ----- 
-- ******* ---- Linux-4.18.0-553.54.1.lve.el8.x86_64-x86_64-with-glibc2.28 2025-07-24 15:51:40
- *** --- * --- 
- ** ---------- [config]
- ** ---------- .> app:         SteelPlus:0x7fa16db632f0
- ** ---------- .> transport:   sqla+mysql://lightpro_mysteel:**@lightpro.mysql.tools:3306/lightpro_mysteel
- ** ---------- .> results:     
- *** --- * --- .> concurrency: 48 (solo)
-- ******* ---- .> task events: OFF (enable -E to monitor tasks in this worker)
--- ***** ----- 
 -------------- [queues]
                .> celery           exchange=celery(direct) key=celery
                

[tasks]
  . core.utils.generate_layer_previews
  . core.utils.generate_preview_background


worker: Warm shutdown (MainProcess)

worker: Warm shutdown (MainProcess)

worker: Warm shutdown (MainProcess)
 
 -------------- celery@business-93.default-host.net v5.5.3 (immunity)
--- ***** ----- 
-- ******* ---- Linux-4.18.0-553.54.1.lve.el8.x86_64-x86_64-with-glibc2.28 2025-07-24 16:02:55
- *** --- * --- 
- ** ---------- [config]
- ** ---------- .> app:         SteelPlus:0x7fc83c536300
- ** ---------- .> transport:   sqla+mysql://lightpro_mysteel:**@lightpro.mysql.tools:3306/lightpro_mysteel
- ** ---------- .> results:     
- *** --- * --- .> concurrency: 48 (solo)
-- ******* ---- .> task events: OFF (enable -E to monitor tasks in this worker)
--- ***** ----- 
 -------------- [queues]
                .> celery           exchange=celery(direct) key=celery
                

[tasks]
  . core.utils.generate_layer_previews
  . core.utils.generate_preview_background


worker: Warm shutdown (MainProcess)

worker: Warm shutdown (MainProcess)

worker: Warm shutdown (MainProcess)
 
 -------------- celery@business-93.default-host.net v5.5.3 (immunity)
--- ***** ----- 
-- ******* ---- Linux-4.18.0-553.54.1.lve.el8.x86_64-x86_64-with-glibc2.28 2025-07-24 16:04:05
- *** --- * --- 
- ** ---------- [config]
- ** ---------- .> app:         SteelPlus:0x7f39a41c91f0
- ** ---------- .> transport:   sqla+mysql://lightpro_mysteel:**@lightpro.mysql.tools:3306/lightpro_mysteel
- ** ---------- .> results:     
- *** --- * --- .> concurrency: 48 (solo)
-- ******* ---- .> task events: OFF (enable -E to monitor tasks in this worker)
--- ***** ----- 
 -------------- [queues]
                .> celery           exchange=celery(direct) key=celery
                

[tasks]
  . core.utils.generate_layer_previews
  . core.utils.generate_preview_background


worker: Warm shutdown (MainProcess)

worker: Warm shutdown (MainProcess)

worker: Warm shutdown (MainProcess)
 
 -------------- celery@business-93.default-host.net v5.5.3 (immunity)
--- ***** ----- 
-- ******* ---- Linux-4.18.0-553.54.1.lve.el8.x86_64-x86_64-with-glibc2.28 2025-07-24 16:05:38
- *** --- * --- 
- ** ---------- [config]
- ** ---------- .> app:         SteelPlus:0x7f68437d91f0
- ** ---------- .> transport:   sqla+mysql://lightpro_mysteel:**@lightpro.mysql.tools:3306/lightpro_mysteel
- ** ---------- .> results:     
- *** --- * --- .> concurrency: 48 (solo)
-- ******* ---- .> task events: OFF (enable -E to monitor tasks in this worker)
--- ***** ----- 
 -------------- [queues]
                .> celery           exchange=celery(direct) key=celery
                

[tasks]
  . core.utils.generate_layer_previews
  . core.utils.generate_preview_background


worker: Warm shutdown (MainProcess)

worker: Warm shutdown (MainProcess)

worker: Warm shutdown (MainProcess)
 
 -------------- celery@business-93.default-host.net v5.5.3 (immunity)
--- ***** ----- 
-- ******* ---- Linux-4.18.0-553.54.1.lve.el8.x86_64-x86_64-with-glibc2.28 2025-07-24 16:08:06
- *** --- * --- 
- ** ---------- [config]
- ** ---------- .> app:         SteelPlus:0x7f37973e2120
- ** ---------- .> transport:   sqla+mysql://lightpro_mysteel:**@lightpro.mysql.tools:3306/lightpro_mysteel
- ** ---------- .> results:     
- *** --- * --- .> concurrency: 48 (solo)
-- ******* ---- .> task events: OFF (enable -E to monitor tasks in this worker)
--- ***** ----- 
 -------------- [queues]
                .> celery           exchange=celery(direct) key=celery
                

[tasks]
  . core.utils.generate_layer_previews
  . core.utils.generate_preview_background


worker: Warm shutdown (MainProcess)

worker: Warm shutdown (MainProcess)

worker: Warm shutdown (MainProcess)
 
 -------------- celery@business-93.default-host.net v5.5.3 (immunity)
--- ***** ----- 
-- ******* ---- Linux-4.18.0-553.54.1.lve.el8.x86_64-x86_64-with-glibc2.28 2025-07-24 16:43:34
- *** --- * --- 
- ** ---------- [config]
- ** ---------- .> app:         SteelPlus:0x7f87d44e9b20
- ** ---------- .> transport:   sqla+mysql://lightpro_mysteel:**@lightpro.mysql.tools:3306/lightpro_mysteel
- ** ---------- .> results:     
- *** --- * --- .> concurrency: 48 (solo)
-- ******* ---- .> task events: OFF (enable -E to monitor tasks in this worker)
--- ***** ----- 
 -------------- [queues]
                .> celery           exchange=celery(direct) key=celery
                

[tasks]
  . core.utils.generate_layer_previews
  . core.utils.generate_preview_background


worker: Warm shutdown (MainProcess)

worker: Warm shutdown (MainProcess)

worker: Warm shutdown (MainProcess)
 
 -------------- celery@business-93.default-host.net v5.5.3 (immunity)
--- ***** ----- 
-- ******* ---- Linux-4.18.0-553.54.1.lve.el8.x86_64-x86_64-with-glibc2.28 2025-07-24 16:44:54
- *** --- * --- 
- ** ---------- [config]
- ** ---------- .> app:         SteelPlus:0x7ff2bb3a51f0
- ** ---------- .> transport:   sqla+mysql://lightpro_mysteel:**@lightpro.mysql.tools:3306/lightpro_mysteel
- ** ---------- .> results:     
- *** --- * --- .> concurrency: 48 (solo)
-- ******* ---- .> task events: OFF (enable -E to monitor tasks in this worker)
--- ***** ----- 
 -------------- [queues]
                .> celery           exchange=celery(direct) key=celery
                

[tasks]
  . core.utils.generate_layer_previews
  . core.utils.generate_preview_background


worker: Warm shutdown (MainProcess)

worker: Warm shutdown (MainProcess)

worker: Warm shutdown (MainProcess)
 
 -------------- celery@business-93.default-host.net v5.5.3 (immunity)
--- ***** ----- 
-- ******* ---- Linux-4.18.0-553.54.1.lve.el8.x86_64-x86_64-with-glibc2.28 2025-07-24 16:49:56
- *** --- * --- 
- ** ---------- [config]
- ** ---------- .> app:         SteelPlus:0x7f8d107bfd40
- ** ---------- .> transport:   sqla+mysql://lightpro_mysteel:**@lightpro.mysql.tools:3306/lightpro_mysteel
- ** ---------- .> results:     
- *** --- * --- .> concurrency: 48 (solo)
-- ******* ---- .> task events: OFF (enable -E to monitor tasks in this worker)
--- ***** ----- 
 -------------- [queues]
                .> celery           exchange=celery(direct) key=celery
                

[tasks]
  . core.utils.generate_layer_previews
  . core.utils.generate_preview_background


worker: Warm shutdown (MainProcess)

worker: Warm shutdown (MainProcess)

worker: Warm shutdown (MainProcess)
 
 -------------- celery@business-93.default-host.net v5.5.3 (immunity)
--- ***** ----- 
-- ******* ---- Linux-4.18.0-553.54.1.lve.el8.x86_64-x86_64-with-glibc2.28 2025-07-24 16:53:32
- *** --- * --- 
- ** ---------- [config]
- ** ---------- .> app:         SteelPlus:0x7faa73069850
- ** ---------- .> transport:   sqla+mysql://lightpro_mysteel:**@lightpro.mysql.tools:3306/lightpro_mysteel
- ** ---------- .> results:     
- *** --- * --- .> concurrency: 48 (solo)
-- ******* ---- .> task events: OFF (enable -E to monitor tasks in this worker)
--- ***** ----- 
 -------------- [queues]
                .> celery           exchange=celery(direct) key=celery
                

[tasks]
  . core.utils.generate_layer_previews
  . core.utils.generate_preview_background


worker: Warm shutdown (MainProcess)

worker: Warm shutdown (MainProcess)

worker: Warm shutdown (MainProcess)
 
 -------------- celery@business-93.default-host.net v5.5.3 (immunity)
--- ***** ----- 
-- ******* ---- Linux-4.18.0-553.54.1.lve.el8.x86_64-x86_64-with-glibc2.28 2025-07-24 16:57:40
- *** --- * --- 
- ** ---------- [config]
- ** ---------- .> app:         SteelPlus:0x7fab7c2e98b0
- ** ---------- .> transport:   sqla+mysql://lightpro_mysteel:**@lightpro.mysql.tools:3306/lightpro_mysteel
- ** ---------- .> results:     
- *** --- * --- .> concurrency: 48 (solo)
-- ******* ---- .> task events: OFF (enable -E to monitor tasks in this worker)
--- ***** ----- 
 -------------- [queues]
                .> celery           exchange=celery(direct) key=celery
                

[tasks]
  . core.utils.generate_layer_previews
  . core.utils.generate_preview_background


worker: Warm shutdown (MainProcess)

worker: Warm shutdown (MainProcess)

worker: Warm shutdown (MainProcess)
 
 -------------- celery@business-93.default-host.net v5.5.3 (immunity)
--- ***** ----- 
-- ******* ---- Linux-4.18.0-553.54.1.lve.el8.x86_64-x86_64-with-glibc2.28 2025-07-24 17:01:00
- *** --- * --- 
- ** ---------- [config]
- ** ---------- .> app:         SteelPlus:0x7f46c60551f0
- ** ---------- .> transport:   sqla+mysql://lightpro_mysteel:**@lightpro.mysql.tools:3306/lightpro_mysteel
- ** ---------- .> results:     
- *** --- * --- .> concurrency: 48 (solo)
-- ******* ---- .> task events: OFF (enable -E to monitor tasks in this worker)
--- ***** ----- 
 -------------- [queues]
                .> celery           exchange=celery(direct) key=celery
                

[tasks]
  . core.utils.generate_layer_previews
  . core.utils.generate_preview_background


worker: Warm shutdown (MainProcess)

worker: Warm shutdown (MainProcess)

worker: Warm shutdown (MainProcess)
 
 -------------- celery@business-93.default-host.net v5.5.3 (immunity)
--- ***** ----- 
-- ******* ---- Linux-4.18.0-553.54.1.lve.el8.x86_64-x86_64-with-glibc2.28 2025-07-24 17:47:04
- *** --- * --- 
- ** ---------- [config]
- ** ---------- .> app:         SteelPlus:0x7f4f15cb4650
- ** ---------- .> transport:   sqla+mysql://lightpro_mysteel:**@lightpro.mysql.tools:3306/lightpro_mysteel
- ** ---------- .> results:     
- *** --- * --- .> concurrency: 48 (solo)
-- ******* ---- .> task events: OFF (enable -E to monitor tasks in this worker)
--- ***** ----- 
 -------------- [queues]
                .> celery           exchange=celery(direct) key=celery
                

[tasks]
  . core.utils.generate_layer_previews
  . core.utils.generate_preview_background

